{"D:\\Projects\\Github\\best-practices\\src\\design-patterns\\factory\\delivery-factory.ts": {"path":"D:\\Projects\\Github\\best-practices\\src\\design-patterns\\factory\\delivery-factory.ts","statementMap":{"0":{"start":{"line":9,"column":24},"end":{"line":9,"column":44}},"1":{"start":{"line":10,"column":8},"end":{"line":10,"column":94}},"2":{"start":{"line":5,"column":0},"end":{"line":5,"column":22}}},"fnMap":{"0":{"name":"(anonymous_0)","decl":{"start":{"line":8,"column":11},"end":{"line":8,"column":24}},"loc":{"start":{"line":8,"column":24},"end":{"line":11,"column":5}}}},"branchMap":{},"s":{"0":1,"1":1,"2":4},"f":{"0":1},"b":{}}
,"D:\\Projects\\Github\\best-practices\\src\\design-patterns\\factory\\road-logistic.ts": {"path":"D:\\Projects\\Github\\best-practices\\src\\design-patterns\\factory\\road-logistic.ts","statementMap":{"0":{"start":{"line":1,"column":0},"end":{"line":1,"column":54}},"1":{"start":{"line":2,"column":0},"end":{"line":2,"column":37}},"2":{"start":{"line":6,"column":8},"end":{"line":6,"column":27}},"3":{"start":{"line":4,"column":0},"end":{"line":4,"column":13}}},"fnMap":{"0":{"name":"(anonymous_0)","decl":{"start":{"line":5,"column":11},"end":{"line":5,"column":24}},"loc":{"start":{"line":5,"column":24},"end":{"line":7,"column":5}}}},"branchMap":{},"s":{"0":3,"1":3,"2":3,"3":3},"f":{"0":3},"b":{}}
,"D:\\Projects\\Github\\best-practices\\src\\design-patterns\\factory\\sea-logistic.ts": {"path":"D:\\Projects\\Github\\best-practices\\src\\design-patterns\\factory\\sea-logistic.ts","statementMap":{"0":{"start":{"line":1,"column":0},"end":{"line":1,"column":54}},"1":{"start":{"line":2,"column":0},"end":{"line":2,"column":34}},"2":{"start":{"line":6,"column":8},"end":{"line":6,"column":26}},"3":{"start":{"line":4,"column":0},"end":{"line":4,"column":13}}},"fnMap":{"0":{"name":"(anonymous_0)","decl":{"start":{"line":5,"column":11},"end":{"line":5,"column":24}},"loc":{"start":{"line":5,"column":24},"end":{"line":7,"column":5}}}},"branchMap":{},"s":{"0":1,"1":1,"2":1,"3":1},"f":{"0":1},"b":{}}
,"D:\\Projects\\Github\\best-practices\\src\\design-patterns\\factory\\road\\Truck.ts": {"path":"D:\\Projects\\Github\\best-practices\\src\\design-patterns\\factory\\road\\Truck.ts","statementMap":{"0":{"start":{"line":5,"column":8},"end":{"line":5,"column":45}},"1":{"start":{"line":3,"column":0},"end":{"line":3,"column":13}}},"fnMap":{"0":{"name":"(anonymous_0)","decl":{"start":{"line":4,"column":11},"end":{"line":4,"column":20}},"loc":{"start":{"line":4,"column":20},"end":{"line":6,"column":5}}}},"branchMap":{},"s":{"0":2,"1":4},"f":{"0":2},"b":{}}
,"D:\\Projects\\Github\\best-practices\\src\\design-patterns\\factory\\sea\\Ship.ts": {"path":"D:\\Projects\\Github\\best-practices\\src\\design-patterns\\factory\\sea\\Ship.ts","statementMap":{"0":{"start":{"line":5,"column":8},"end":{"line":5,"column":43}},"1":{"start":{"line":3,"column":0},"end":{"line":3,"column":13}}},"fnMap":{"0":{"name":"(anonymous_0)","decl":{"start":{"line":4,"column":11},"end":{"line":4,"column":20}},"loc":{"start":{"line":4,"column":20},"end":{"line":6,"column":5}}}},"branchMap":{},"s":{"0":1,"1":2},"f":{"0":1},"b":{}}
}
